[[17, 87, 104, 97, 116, 39, 115, 32, 121, 111, 117, 114, 32, 110, 97, 109, 101, 63, 10, 7, 72, 101, 108, 108, 111, 44, 32, 1, 33, 0, 0, 0, 0, 0, 0, 0, 0, 0, 0, 0, 0, 0, 0, 0, 0],
 {"opcode": "push", "term": [18, 4, "push question"], "arg": 0},
 {"opcode": "dup", "term": [19, 4, "dup"]},
 {"opcode": "push_by", "term": [20, 4, "push_by"]},
 {"opcode": "jz", "term": [22, 4, "jz end_question"], "arg": 14},
 {"opcode": "push", "term": [23, 4, "push 1"], "arg": 1},
 {"opcode": "dec", "term": [24, 4, "dec"]},
 {"opcode": "swap", "term": [25, 4, "swap"]},
 {"opcode": "push", "term": [26, 4, "push 1"], "arg": 1},
 {"opcode": "add", "term": [27, 4, "add"]},
 {"opcode": "dup", "term": [29, 4, "dup"]},
 {"opcode": "push_by", "term": [30, 4, "push_by"]},
 {"opcode": "print", "term": [31, 4, "print"]},
 {"opcode": "swap", "term": [32, 4, "swap"]},
 {"opcode": "jmp", "term": [33, 4, "jmp printing_question"], "arg": 3},
 {"opcode": "del_tos", "term": [35, 4, "del_tos"]},
 {"opcode": "del_tos", "term": [36, 4, "del_tos"]},
 {"opcode": "push", "term": [37, 4, "push new_line_ch"], "arg": 18},
 {"opcode": "push_by", "term": [38, 4, "push_by"]},
 {"opcode": "print", "term": [39, 4, "print"]},
 {"opcode": "push", "term": [40, 4, "push name"], "arg": 29},
 {"opcode": "push", "term": [41, 4, "push 1"], "arg": 1},
 {"opcode": "add", "term": [42, 4, "add"]},
 {"opcode": "dup", "term": [44, 4, "dup"]},
 {"opcode": "input", "term": [45, 4, "input"]},
 {"opcode": "jz", "term": [46, 4, "jz end_reading"], "arg": 41},
 {"opcode": "swap", "term": [47, 4, "swap"]},
 {"opcode": "pop_by", "term": [48, 4, "pop_by"]},
 {"opcode": "push", "term": [50, 4, "push 1"], "arg": 1},
 {"opcode": "add", "term": [51, 4, "add"]},
 {"opcode": "swap", "term": [52, 4, "swap"]},
 {"opcode": "push", "term": [53, 4, "push 1"], "arg": 1},
 {"opcode": "add", "term": [54, 4, "add"]},
 {"opcode": "dup", "term": [55, 4, "dup"]},
 {"opcode": "push", "term": [56, 4, "push 15"], "arg": 15},
 {"opcode": "dec", "term": [57, 4, "dec"]},
 {"opcode": "jz", "term": [58, 4, "jz buf_overflow"], "arg": 39},
 {"opcode": "del_tos", "term": [59, 4, "del_tos"]},
 {"opcode": "swap", "term": [60, 4, "swap"]},
 {"opcode": "jmp", "term": [61, 4, "jmp reading"], "arg": 22},
 {"opcode": "del_tos", "term": [63, 4, "del_tos"]},
 {"opcode": "jmp", "term": [64, 4, "jmp push_size"], "arg": 43},
 {"opcode": "del_tos", "term": [66, 4, "del_tos"]},
 {"opcode": "swap", "term": [67, 4, "swap"]},
 {"opcode": "push", "term": [69, 4, "push name"], "arg": 29},
 {"opcode": "pop_by", "term": [70, 4, "pop_by"]},
 {"opcode": "del_tos", "term": [71, 4, "del_tos"]},
 {"opcode": "push", "term": [73, 4, "push greeting"], "arg": 19},
 {"opcode": "dup", "term": [74, 4, "dup"]},
 {"opcode": "push_by", "term": [75, 4, "push_by"]},
 {"opcode": "jz", "term": [77, 4, "jz end_greeting"], "arg": 60},
 {"opcode": "push", "term": [78, 4, "push 1"], "arg": 1},
 {"opcode": "dec", "term": [79, 4, "dec"]},
 {"opcode": "swap", "term": [80, 4, "swap"]},
 {"opcode": "push", "term": [81, 4, "push 1"], "arg": 1},
 {"opcode": "add", "term": [82, 4, "add"]},
 {"opcode": "dup", "term": [84, 4, "dup"]},
 {"opcode": "push_by", "term": [85, 4, "push_by"]},
 {"opcode": "print", "term": [86, 4, "print"]},
 {"opcode": "swap", "term": [87, 4, "swap"]},
 {"opcode": "jmp", "term": [88, 4, "jmp printing_greeting"], "arg": 49},
 {"opcode": "del_tos", "term": [90, 4, "del_tos"]},
 {"opcode": "del_tos", "term": [91, 4, "del_tos"]},
 {"opcode": "push", "term": [92, 4, "push name"], "arg": 29},
 {"opcode": "dup", "term": [93, 4, "dup"]},
 {"opcode": "push_by", "term": [94, 4, "push_by"]},
 {"opcode": "jz", "term": [96, 4, "jz end_name"], "arg": 76},
 {"opcode": "push", "term": [97, 4, "push 1"], "arg": 1},
 {"opcode": "dec", "term": [98, 4, "dec"]},
 {"opcode": "swap", "term": [99, 4, "swap"]},
 {"opcode": "push", "term": [100, 4, "push 1"], "arg": 1},
 {"opcode": "add", "term": [101, 4, "add"]},
 {"opcode": "dup", "term": [103, 4, "dup"]},
 {"opcode": "push_by", "term": [104, 4, "push_by"]},
 {"opcode": "print", "term": [105, 4, "print"]},
 {"opcode": "swap", "term": [106, 4, "swap"]},
 {"opcode": "jmp", "term": [107, 4, "jmp printing_name"], "arg": 65},
 {"opcode": "del_tos", "term": [109, 4, "del_tos"]},
 {"opcode": "del_tos", "term": [110, 4, "del_tos"]},
 {"opcode": "halt", "term": [111, 4, "halt"]}]