[[1, 1, 0],
 {"opcode": "push", "term": [10, 4, "push second"], "arg": 1},
 {"opcode": "push_by", "term": [11, 4, "push_by"]},
 {"opcode": "dup", "term": [12, 4, "dup"]},
 {"opcode": "push", "term": [14, 4, "push first"], "arg": 0},
 {"opcode": "push_by", "term": [15, 4, "push_by"]},
 {"opcode": "add", "term": [17, 4, "add"]},
 {"opcode": "dup", "term": [18, 4, "dup"]},
 {"opcode": "push", "term": [19, 4, "push 4000000"], "arg": 4000000},
 {"opcode": "dec", "term": [20, 4, "dec"]},
 {"opcode": "jg", "term": [21, 4, "jg end"], "arg": 25},
 {"opcode": "del_tos", "term": [22, 4, "del_tos"]},
 {"opcode": "dup", "term": [23, 4, "dup"]},
 {"opcode": "mod2", "term": [24, 4, "mod2"]},
 {"opcode": "jz", "term": [25, 4, "jz even"], "arg": 16},
 {"opcode": "del_tos", "term": [26, 4, "del_tos"]},
 {"opcode": "jmp", "term": [27, 4, "jmp update"], "arg": 22},
 {"opcode": "del_tos", "term": [29, 4, "del_tos"]},
 {"opcode": "dup", "term": [30, 4, "dup"]},
 {"opcode": "push", "term": [31, 4, "push sum"], "arg": 2},
 {"opcode": "push_by", "term": [32, 4, "push_by"]},
 {"opcode": "add", "term": [33, 4, "add"]},
 {"opcode": "pop", "term": [34, 4, "pop sum"], "arg": 2},
 {"opcode": "pop", "term": [36, 4, "pop second"], "arg": 1},
 {"opcode": "pop", "term": [37, 4, "pop first"], "arg": 0},
 {"opcode": "jmp", "term": [38, 4, "jmp loop"], "arg": 0},
 {"opcode": "del_tos", "term": [40, 4, "del_tos"]},
 {"opcode": "push", "term": [41, 4, "push sum"], "arg": 2},
 {"opcode": "push_by", "term": [42, 4, "push_by"]},
 {"opcode": "print", "term": [43, 4, "print"]},
 {"opcode": "halt", "term": [44, 4, "halt"]}]